2017-11-11 14:58:19,238 - getData充值操作 - INFO - 按需读取文件正确
2017-11-11 14:58:19,366 - get充值操作 - INFO - get请求成功
2017-11-11 14:58:19,367 - writeData充值操作 - INFO - 写入Excel成功
2017-11-11 14:58:19,483 - get充值操作 - INFO - get请求成功
2017-11-11 14:58:19,484 - writeData充值操作 - INFO - 写入Excel成功
2017-11-11 14:58:19,606 - get充值操作 - INFO - get请求成功
2017-11-11 14:58:19,606 - writeData充值操作 - INFO - 写入Excel成功
2017-11-11 14:58:19,713 - get充值操作 - INFO - get请求成功
2017-11-11 14:58:19,714 - writeData充值操作 - INFO - 写入Excel成功
2017-11-11 14:58:19,815 - get充值操作 - INFO - get请求成功
2017-11-11 14:58:19,815 - writeData充值操作 - INFO - 写入Excel成功
2017-11-11 14:58:19,824 - saveData充值操作 - INFO - 保存Excel成功
2017-11-11 14:59:47,917 - getData - 充值操作 - INFO - 按需读取文件正确
2017-11-11 14:59:48,029 - get - 充值操作 - INFO - get请求成功
2017-11-11 14:59:48,029 - writeData - 充值操作 - INFO - 写入Excel成功
2017-11-11 14:59:48,130 - get - 充值操作 - INFO - get请求成功
2017-11-11 14:59:48,131 - writeData - 充值操作 - INFO - 写入Excel成功
2017-11-11 14:59:48,231 - get - 充值操作 - INFO - get请求成功
2017-11-11 14:59:48,231 - writeData - 充值操作 - INFO - 写入Excel成功
2017-11-11 14:59:48,332 - get - 充值操作 - INFO - get请求成功
2017-11-11 14:59:48,332 - writeData - 充值操作 - INFO - 写入Excel成功
2017-11-11 14:59:48,431 - get - 充值操作 - INFO - get请求成功
2017-11-11 14:59:48,432 - writeData - 充值操作 - INFO - 写入Excel成功
2017-11-11 14:59:48,434 - saveData - 充值操作 - INFO - 保存Excel成功
