2017-10-14 17:16:23,240 - Python全栈班1期1010作业log日志 - INFO - 测试开始
2017-10-14 17:16:23,240 - Python全栈班1期1010作业log日志 - INFO - 测试开始
2017-10-14 17:16:23,342 - Python全栈班1期1010作业log日志 - INFO - 测试结束
2017-10-14 17:16:23,342 - Python全栈班1期1010作业log日志 - INFO - 测试结束
2017-10-14 17:16:23,343 - Python全栈班1期1010作业log日志 - INFO - 测试开始
2017-10-14 17:16:23,343 - Python全栈班1期1010作业log日志 - INFO - 测试开始
2017-10-14 17:16:23,436 - Python全栈班1期1010作业log日志 - INFO - 测试结束
2017-10-14 17:16:23,436 - Python全栈班1期1010作业log日志 - INFO - 测试结束
2017-10-14 17:22:09,695 - Python全栈班1期1010作业log日志 - INFO - 测试开始
2017-10-14 17:22:09,695 - Python全栈班1期1010作业log日志 - INFO - 测试开始
2017-10-14 17:22:09,799 - Python全栈班1期1010作业log日志 - INFO - 测试结束
2017-10-14 17:22:09,799 - Python全栈班1期1010作业log日志 - INFO - 测试结束
2017-10-14 17:22:09,800 - Python全栈班1期1010作业log日志 - INFO - 测试开始
2017-10-14 17:22:09,800 - Python全栈班1期1010作业log日志 - INFO - 测试开始
2017-10-14 17:22:09,887 - Python全栈班1期1010作业log日志 - INFO - 测试结束
2017-10-14 17:22:09,887 - Python全栈班1期1010作业log日志 - INFO - 测试结束
2017-10-14 17:25:04,373 - Python全栈班1期1010作业log日志 - INFO - 测试开始
2017-10-14 17:25:04,373 - Python全栈班1期1010作业log日志 - INFO - 测试开始
2017-10-14 17:25:04,482 - Python全栈班1期1010作业log日志 - INFO - 测试结束
2017-10-14 17:25:04,482 - Python全栈班1期1010作业log日志 - INFO - 测试结束
2017-10-14 17:25:04,484 - Python全栈班1期1010作业log日志 - INFO - 测试开始
2017-10-14 17:25:04,484 - Python全栈班1期1010作业log日志 - INFO - 测试开始
2017-10-14 17:25:04,601 - Python全栈班1期1010作业log日志 - INFO - 测试结束
2017-10-14 17:25:04,601 - Python全栈班1期1010作业log日志 - INFO - 测试结束
2017-10-14 17:25:15,789 - Python全栈班1期1010作业log日志 - INFO - 测试开始
2017-10-14 17:25:15,789 - Python全栈班1期1010作业log日志 - INFO - 测试开始
2017-10-14 17:25:15,898 - Python全栈班1期1010作业log日志 - INFO - 测试结束
2017-10-14 17:25:15,898 - Python全栈班1期1010作业log日志 - INFO - 测试结束
2017-10-14 17:25:15,899 - Python全栈班1期1010作业log日志 - INFO - 测试开始
2017-10-14 17:25:15,899 - Python全栈班1期1010作业log日志 - INFO - 测试开始
2017-10-14 17:25:15,993 - Python全栈班1期1010作业log日志 - INFO - 测试结束
2017-10-14 17:25:15,993 - Python全栈班1期1010作业log日志 - INFO - 测试结束
2017-10-14 17:25:40,106 - Python全栈班1期1010作业log日志 - INFO - 测试开始
2017-10-14 17:25:40,106 - Python全栈班1期1010作业log日志 - INFO - 测试开始
2017-10-14 17:25:40,208 - Python全栈班1期1010作业log日志 - INFO - 测试结束
2017-10-14 17:25:40,208 - Python全栈班1期1010作业log日志 - INFO - 测试结束
2017-10-14 17:25:47,074 - Python全栈班1期1010作业log日志 - INFO - 测试开始
2017-10-14 17:25:47,074 - Python全栈班1期1010作业log日志 - INFO - 测试开始
2017-10-14 17:25:47,178 - Python全栈班1期1010作业log日志 - INFO - 测试结束
2017-10-14 17:25:47,178 - Python全栈班1期1010作业log日志 - INFO - 测试结束
2017-10-14 17:25:47,180 - Python全栈班1期1010作业log日志 - INFO - 测试开始
2017-10-14 17:25:47,180 - Python全栈班1期1010作业log日志 - INFO - 测试开始
2017-10-14 17:25:47,281 - Python全栈班1期1010作业log日志 - INFO - 测试结束
2017-10-14 17:25:47,281 - Python全栈班1期1010作业log日志 - INFO - 测试结束
2017-10-14 17:25:52,428 - Python全栈班1期1010作业log日志 - INFO - 测试开始
2017-10-14 17:25:52,428 - Python全栈班1期1010作业log日志 - INFO - 测试开始
2017-10-14 17:25:52,532 - Python全栈班1期1010作业log日志 - INFO - 测试结束
2017-10-14 17:25:52,532 - Python全栈班1期1010作业log日志 - INFO - 测试结束
2017-10-14 17:25:52,534 - Python全栈班1期1010作业log日志 - INFO - 测试开始
2017-10-14 17:25:52,534 - Python全栈班1期1010作业log日志 - INFO - 测试开始
2017-10-14 17:25:52,633 - Python全栈班1期1010作业log日志 - INFO - 测试结束
2017-10-14 17:25:52,633 - Python全栈班1期1010作业log日志 - INFO - 测试结束
2017-10-14 17:25:55,247 - Python全栈班1期1010作业log日志 - INFO - 测试开始
2017-10-14 17:25:55,247 - Python全栈班1期1010作业log日志 - INFO - 测试开始
2017-10-14 17:25:55,353 - Python全栈班1期1010作业log日志 - INFO - 测试结束
2017-10-14 17:25:55,353 - Python全栈班1期1010作业log日志 - INFO - 测试结束
2017-10-14 17:25:55,354 - Python全栈班1期1010作业log日志 - INFO - 测试开始
2017-10-14 17:25:55,354 - Python全栈班1期1010作业log日志 - INFO - 测试开始
2017-10-14 17:25:55,454 - Python全栈班1期1010作业log日志 - INFO - 测试结束
2017-10-14 17:25:55,454 - Python全栈班1期1010作业log日志 - INFO - 测试结束
2017-10-14 17:25:57,802 - Python全栈班1期1010作业log日志 - INFO - 测试开始
2017-10-14 17:25:57,802 - Python全栈班1期1010作业log日志 - INFO - 测试开始
2017-10-14 17:25:57,906 - Python全栈班1期1010作业log日志 - INFO - 测试结束
2017-10-14 17:25:57,906 - Python全栈班1期1010作业log日志 - INFO - 测试结束
2017-10-14 17:25:57,907 - Python全栈班1期1010作业log日志 - INFO - 测试开始
2017-10-14 17:25:57,907 - Python全栈班1期1010作业log日志 - INFO - 测试开始
2017-10-14 17:25:58,007 - Python全栈班1期1010作业log日志 - INFO - 测试结束
2017-10-14 17:25:58,007 - Python全栈班1期1010作业log日志 - INFO - 测试结束
2017-10-14 17:29:29,043 - Python全栈班1期1010作业log日志 - INFO - 测试开始
2017-10-14 17:29:29,043 - Python全栈班1期1010作业log日志 - INFO - 测试开始
2017-10-14 17:29:29,150 - Python全栈班1期1010作业log日志 - INFO - 测试结束
2017-10-14 17:29:29,150 - Python全栈班1期1010作业log日志 - INFO - 测试结束
2017-10-14 17:29:29,151 - Python全栈班1期1010作业log日志 - INFO - 测试开始
2017-10-14 17:29:29,151 - Python全栈班1期1010作业log日志 - INFO - 测试开始
2017-10-14 17:29:29,241 - Python全栈班1期1010作业log日志 - INFO - 测试结束
2017-10-14 17:29:29,241 - Python全栈班1期1010作业log日志 - INFO - 测试结束
2017-10-14 17:29:31,504 - Python全栈班1期1010作业log日志 - INFO - 测试开始
2017-10-14 17:29:31,504 - Python全栈班1期1010作业log日志 - INFO - 测试开始
2017-10-14 17:29:31,608 - Python全栈班1期1010作业log日志 - INFO - 测试结束
2017-10-14 17:29:31,608 - Python全栈班1期1010作业log日志 - INFO - 测试结束
2017-10-14 17:29:31,609 - Python全栈班1期1010作业log日志 - INFO - 测试开始
2017-10-14 17:29:31,609 - Python全栈班1期1010作业log日志 - INFO - 测试开始
2017-10-14 17:29:31,701 - Python全栈班1期1010作业log日志 - INFO - 测试结束
2017-10-14 17:29:31,701 - Python全栈班1期1010作业log日志 - INFO - 测试结束
2017-10-14 17:29:34,048 - Python全栈班1期1010作业log日志 - INFO - 测试开始
2017-10-14 17:29:34,048 - Python全栈班1期1010作业log日志 - INFO - 测试开始
2017-10-14 17:29:34,155 - Python全栈班1期1010作业log日志 - INFO - 测试结束
2017-10-14 17:29:34,155 - Python全栈班1期1010作业log日志 - INFO - 测试结束
2017-10-14 17:29:34,156 - Python全栈班1期1010作业log日志 - INFO - 测试开始
2017-10-14 17:29:34,156 - Python全栈班1期1010作业log日志 - INFO - 测试开始
2017-10-14 17:29:34,250 - Python全栈班1期1010作业log日志 - INFO - 测试结束
2017-10-14 17:29:34,250 - Python全栈班1期1010作业log日志 - INFO - 测试结束
2017-11-07 11:21:53,296 - Python全栈班1期1010作业log日志 - INFO - 测试开始
2017-11-07 11:21:53,555 - Python全栈班1期1010作业log日志 - INFO - 充值测试通过
2017-11-07 11:21:53,556 - Python全栈班1期1010作业log日志 - INFO - 测试结束
2017-11-07 11:21:53,556 - Python全栈班1期1010作业log日志 - INFO - 测试开始
2017-11-07 11:21:54,271 - Python全栈班1期1010作业log日志 - ERROR - 出错啦！错误参数是：'20110' != '10001'
- 20110
+ 10001
 : 注册报错
2017-11-07 11:21:54,271 - Python全栈班1期1010作业log日志 - INFO - 测试结束
2017-11-07 14:20:45,812 - Python全栈班1期1010作业log日志 - INFO - 测试开始
2017-11-07 14:20:45,979 - Python全栈班1期1010作业log日志 - INFO - 充值测试通过
2017-11-07 14:20:45,979 - Python全栈班1期1010作业log日志 - INFO - 测试结束
2017-11-07 14:20:45,980 - Python全栈班1期1010作业log日志 - INFO - 测试开始
2017-11-07 14:20:46,117 - Python全栈班1期1010作业log日志 - ERROR - 出错啦！错误参数是：'20110' != '10001'
- 20110
+ 10001
 : 注册报错
2017-11-07 14:20:46,117 - Python全栈班1期1010作业log日志 - INFO - 测试结束
2017-11-07 15:54:23,894 - Python全栈班1期1010作业log日志 - INFO - 测试开始
2017-11-07 15:54:24,089 - Python全栈班1期1010作业log日志 - INFO - 充值测试通过
2017-11-07 15:54:24,089 - Python全栈班1期1010作业log日志 - INFO - 测试结束
2017-11-07 15:54:24,089 - Python全栈班1期1010作业log日志 - INFO - 测试开始
2017-11-07 15:54:24,314 - Python全栈班1期1010作业log日志 - ERROR - 出错啦！错误参数是：'20110' != '10001'
- 20110
+ 10001
 : 注册报错
2017-11-07 15:54:24,315 - Python全栈班1期1010作业log日志 - INFO - 测试结束
2017-11-07 16:02:23,651 - Python全栈班1期1010作业log日志 - INFO - 测试开始
2017-11-07 16:02:23,885 - Python全栈班1期1010作业log日志 - INFO - 充值测试通过
2017-11-07 16:02:23,885 - Python全栈班1期1010作业log日志 - INFO - 测试结束
2017-11-07 16:02:23,885 - Python全栈班1期1010作业log日志 - INFO - 测试开始
2017-11-07 16:02:24,069 - Python全栈班1期1010作业log日志 - ERROR - 出错啦！错误参数是：'20110' != '10001'
- 20110
+ 10001
 : 注册报错
2017-11-07 16:02:24,069 - Python全栈班1期1010作业log日志 - INFO - 测试结束
2017-11-07 16:03:07,984 - Python全栈班1期1010作业log日志 - INFO - 测试开始
2017-11-07 16:03:08,180 - Python全栈班1期1010作业log日志 - INFO - 充值测试通过
2017-11-07 16:03:08,180 - Python全栈班1期1010作业log日志 - INFO - 测试结束
2017-11-07 16:03:08,180 - Python全栈班1期1010作业log日志 - INFO - 测试开始
2017-11-07 16:03:08,369 - Python全栈班1期1010作业log日志 - ERROR - 出错啦！错误参数是：'20110' != '10001'
- 20110
+ 10001
 : 注册报错
2017-11-07 16:03:08,370 - Python全栈班1期1010作业log日志 - INFO - 测试结束
2017-11-07 16:07:42,068 - Python全栈班1期1010作业log日志 - INFO - 测试开始
2017-11-07 16:07:42,380 - Python全栈班1期1010作业log日志 - INFO - 充值测试通过
2017-11-07 16:07:42,380 - Python全栈班1期1010作业log日志 - INFO - 测试结束
2017-11-07 16:07:42,381 - Python全栈班1期1010作业log日志 - INFO - 测试开始
2017-11-07 16:07:42,765 - Python全栈班1期1010作业log日志 - ERROR - 出错啦！错误参数是：'20110' != '10001'
- 20110
+ 10001
 : 注册报错
2017-11-07 16:07:42,766 - Python全栈班1期1010作业log日志 - INFO - 测试结束
2017-11-07 16:10:14,404 - Python全栈班1期1010作业log日志 - INFO - 测试开始
2017-11-07 16:10:17,503 - Python全栈班1期1010作业log日志 - INFO - 充值测试通过
2017-11-07 16:10:17,503 - Python全栈班1期1010作业log日志 - INFO - 测试结束
2017-11-07 16:10:17,504 - Python全栈班1期1010作业log日志 - INFO - 测试开始
2017-11-07 16:10:20,077 - Python全栈班1期1010作业log日志 - ERROR - 出错啦！错误参数是：'20110' != '10001'
- 20110
+ 10001
 : 注册报错
2017-11-07 16:10:20,077 - Python全栈班1期1010作业log日志 - INFO - 测试结束
2017-11-07 16:11:58,611 - Python全栈班1期1010作业log日志 - INFO - 测试开始
2017-11-07 16:11:58,857 - Python全栈班1期1010作业log日志 - INFO - 充值测试通过
2017-11-07 16:11:58,857 - Python全栈班1期1010作业log日志 - INFO - 测试结束
2017-11-07 16:11:58,857 - Python全栈班1期1010作业log日志 - INFO - 测试开始
2017-11-07 16:11:59,036 - Python全栈班1期1010作业log日志 - ERROR - 出错啦！错误参数是：'20110' != '10001'
- 20110
+ 10001
 : 注册报错
2017-11-07 16:11:59,037 - Python全栈班1期1010作业log日志 - INFO - 测试结束
2017-11-07 16:34:45,848 - Python全栈班1期1010作业log日志 - INFO - 测试开始
2017-11-07 16:34:46,030 - Python全栈班1期1010作业log日志 - INFO - 充值测试通过
2017-11-07 16:34:46,030 - Python全栈班1期1010作业log日志 - INFO - 测试结束
2017-11-07 16:34:46,031 - Python全栈班1期1010作业log日志 - INFO - 测试开始
2017-11-07 16:34:46,856 - Python全栈班1期1010作业log日志 - ERROR - 出错啦！错误参数是：'20110' != '10001'
- 20110
+ 10001
 : 注册报错
2017-11-07 16:34:46,857 - Python全栈班1期1010作业log日志 - INFO - 测试结束
2017-11-07 16:36:10,951 - Python全栈班1期1010作业log日志 - INFO - 测试开始
2017-11-07 16:36:11,511 - Python全栈班1期1010作业log日志 - INFO - 充值测试通过
2017-11-07 16:36:11,512 - Python全栈班1期1010作业log日志 - INFO - 测试结束
2017-11-07 16:36:11,513 - Python全栈班1期1010作业log日志 - INFO - 测试开始
2017-11-07 16:36:11,790 - Python全栈班1期1010作业log日志 - ERROR - 出错啦！错误参数是：'20110' != '10001'
- 20110
+ 10001
 : 注册报错
2017-11-07 16:36:11,790 - Python全栈班1期1010作业log日志 - INFO - 测试结束
2017-11-07 16:36:29,734 - Python全栈班1期1010作业log日志 - INFO - 测试开始
2017-11-07 16:36:29,957 - Python全栈班1期1010作业log日志 - INFO - 充值测试通过
2017-11-07 16:36:29,957 - Python全栈班1期1010作业log日志 - INFO - 测试结束
2017-11-07 16:36:29,958 - Python全栈班1期1010作业log日志 - INFO - 测试开始
2017-11-07 16:36:30,137 - Python全栈班1期1010作业log日志 - ERROR - 出错啦！错误参数是：'20110' != '10001'
- 20110
+ 10001
 : 注册报错
2017-11-07 16:36:30,138 - Python全栈班1期1010作业log日志 - INFO - 测试结束
2017-11-07 16:59:37,709 - Python全栈班1期1010作业log日志 - INFO - 测试开始
2017-11-07 16:59:37,896 - Python全栈班1期1010作业log日志 - INFO - 充值测试通过
2017-11-07 16:59:37,897 - Python全栈班1期1010作业log日志 - INFO - 测试结束
2017-11-07 16:59:37,897 - Python全栈班1期1010作业log日志 - INFO - 测试开始
2017-11-07 16:59:38,085 - Python全栈班1期1010作业log日志 - ERROR - 出错啦！错误参数是：'20110' != '10001'
- 20110
+ 10001
 : 注册报错
2017-11-07 16:59:38,085 - Python全栈班1期1010作业log日志 - INFO - 测试结束
2017-11-07 16:59:47,940 - Python全栈班1期1010作业log日志 - INFO - 测试开始
2017-11-07 16:59:48,120 - Python全栈班1期1010作业log日志 - INFO - 充值测试通过
2017-11-07 16:59:48,121 - Python全栈班1期1010作业log日志 - INFO - 测试结束
2017-11-07 16:59:48,121 - Python全栈班1期1010作业log日志 - INFO - 测试开始
2017-11-07 16:59:48,296 - Python全栈班1期1010作业log日志 - ERROR - 出错啦！错误参数是：'20110' != '10001'
- 20110
+ 10001
 : 注册报错
2017-11-07 16:59:48,297 - Python全栈班1期1010作业log日志 - INFO - 测试结束
2017-11-07 17:01:21,460 - Python全栈班1期1010作业log日志 - INFO - 测试开始
2017-11-07 17:01:21,646 - Python全栈班1期1010作业log日志 - INFO - 充值测试通过
2017-11-07 17:01:21,647 - Python全栈班1期1010作业log日志 - INFO - 测试结束
2017-11-07 17:01:21,647 - Python全栈班1期1010作业log日志 - INFO - 测试开始
2017-11-07 17:01:21,806 - Python全栈班1期1010作业log日志 - ERROR - 出错啦！错误参数是：'20110' != '10001'
- 20110
+ 10001
 : 注册报错
2017-11-07 17:01:21,807 - Python全栈班1期1010作业log日志 - INFO - 测试结束
2017-11-07 17:01:37,643 - Python全栈班1期1010作业log日志 - INFO - 测试开始
2017-11-07 17:01:37,853 - Python全栈班1期1010作业log日志 - INFO - 充值测试通过
2017-11-07 17:01:37,854 - Python全栈班1期1010作业log日志 - INFO - 测试结束
2017-11-07 17:01:37,854 - Python全栈班1期1010作业log日志 - INFO - 测试开始
2017-11-07 17:01:38,219 - Python全栈班1期1010作业log日志 - ERROR - 出错啦！错误参数是：'20110' != '10001'
- 20110
+ 10001
 : 注册报错
2017-11-07 17:01:38,220 - Python全栈班1期1010作业log日志 - INFO - 测试结束
